<?xml version="1.0" encoding="UTF-8"?>
<testsuite xmlns:xsi="http://www.w3.org/2001/XMLSchema-instance" xsi:noNamespaceSchemaLocation="https://maven.apache.org/surefire/maven-surefire-plugin/xsd/surefire-test-report-3.0.xsd" version="3.0" name="edu.fiuba.algo3.entrega_2.Entrega2Test" time="0.827" tests="7" errors="1" skipped="0" failures="0">
  <properties>
[...]
</properties>
  <testcase name="test16LosEnemigosParseadosDelJSONDeEnemigosSonLosEperados" classname="edu.fiuba.algo3.entrega_2.Entrega2Test" time="0.24"/>
  <testcase name="test19JugadorJuegaYGanaUnaPartida" classname="edu.fiuba.algo3.entrega_2.Entrega2Test" time="0.017"/>
  <testcase name="test18ElJuegoCreadoAPartirDeAmbosJSONEsElEsperado" classname="edu.fiuba.algo3.entrega_2.Entrega2Test" time="0.014"/>
  <testcase name="test20JugadorJuegaYPierdeUnaPartida" classname="edu.fiuba.algo3.entrega_2.Entrega2Test" time="0.52">
    <error type="java.util.ConcurrentModificationException">java.util.ConcurrentModificationException
	at edu.fiuba.algo3/edu.fiuba.algo3.entrega_2.Entrega2Test.test20JugadorJuegaYPierdeUnaPartida(Entrega2Test.java:129)
</error>
    <system-out><![CDATA[iteracion: 0
1
posicion: 14,14
posicion: 14,13
posicion: 14,12
posicion: 14,11
posicion: 14,10
posicion: 14,9
posicion: 14,8
posicion: 14,7
posicion: 14,6
posicion: 14,5
posicion: 14,4
posicion: 14,3
posicion: 14,2
posicion: 14,1
posicion: 14,0
posicion: 13,14
posicion: 13,13
posicion: 13,12
posicion: 13,11
posicion: 13,10
posicion: 13,9
posicion: 13,8
posicion: 13,7
posicion: 13,6
posicion: 13,5
posicion: 13,4
posicion: 13,3
posicion: 13,2
posicion: 13,1
posicion: 13,0
posicion: 12,14
posicion: 12,13
posicion: 12,12
posicion: 12,11
posicion: 12,10
posicion: 12,9
posicion: 12,8
posicion: 12,7
posicion: 12,6
posicion: 12,5
posicion: 12,4
posicion: 12,3
posicion: 12,2
posicion: 12,1
posicion: 12,0
posicion: 11,14
posicion: 11,13
posicion: 11,12
posicion: 11,11
posicion: 11,10
posicion: 11,9
posicion: 11,8
posicion: 11,7
posicion: 11,6
posicion: 11,5
posicion: 11,4
posicion: 11,3
posicion: 11,2
posicion: 11,1
posicion: 11,0
posicion: 10,14
posicion: 10,13
posicion: 10,12
posicion: 10,11
posicion: 10,10
posicion: 10,9
posicion: 10,8
posicion: 10,7
posicion: 10,6
posicion: 10,5
posicion: 10,4
posicion: 10,3
posicion: 10,2
posicion: 10,1
posicion: 10,0
posicion: 9,14
posicion: 9,13
posicion: 9,12
posicion: 9,11
posicion: 9,10
posicion: 9,9
posicion: 9,8
posicion: 9,7
posicion: 9,6
posicion: 9,5
posicion: 9,4
posicion: 9,3
posicion: 9,2
posicion: 9,1
posicion: 9,0
posicion: 8,14
posicion: 8,13
posicion: 8,12
posicion: 8,11
posicion: 8,10
posicion: 8,9
posicion: 8,8
posicion: 8,7
posicion: 8,6
posicion: 8,5
posicion: 8,4
posicion: 8,3
posicion: 8,2
posicion: 8,1
posicion: 8,0
posicion: 7,14
posicion: 7,13
posicion: 7,12
posicion: 7,11
posicion: 7,10
posicion: 7,9
posicion: 7,8
posicion: 7,7
posicion: 7,6
posicion: 7,5
posicion: 7,4
posicion: 7,3
posicion: 7,2
posicion: 7,1
posicion: 7,0
posicion: 6,14
posicion: 6,13
posicion: 6,12
posicion: 6,11
posicion: 6,10
posicion: 6,9
posicion: 6,8
posicion: 6,7
posicion: 6,6
posicion: 6,5
posicion: 6,4
posicion: 6,3
posicion: 6,2
posicion: 6,1
posicion: 6,0
posicion: 5,14
posicion: 5,13
posicion: 5,12
posicion: 5,11
posicion: 5,10
posicion: 5,9
posicion: 5,8
posicion: 5,7
posicion: 5,6
posicion: 5,5
posicion: 5,4
posicion: 5,3
posicion: 5,2
posicion: 5,1
posicion: 5,0
posicion: 4,14
posicion: 4,13
posicion: 4,12
posicion: 4,11
posicion: 4,10
posicion: 4,9
posicion: 4,8
posicion: 4,7
posicion: 4,6
posicion: 4,5
posicion: 4,4
posicion: 4,3
posicion: 4,2
posicion: 4,1
posicion: 4,0
posicion: 3,14
posicion: 3,13
posicion: 3,12
posicion: 3,11
posicion: 3,10
posicion: 3,9
posicion: 3,8
posicion: 3,7
posicion: 3,6
posicion: 3,5
posicion: 3,4
posicion: 3,3
posicion: 3,2
posicion: 3,1
posicion: 3,0
posicion: 2,14
posicion: 2,13
posicion: 2,12
posicion: 2,11
posicion: 2,10
posicion: 2,9
posicion: 2,8
posicion: 2,7
posicion: 2,6
posicion: 2,5
posicion: 2,4
posicion: 2,3
posicion: 2,2
posicion: 2,1
posicion: 2,0
posicion: 1,14
posicion: 1,13
posicion: 1,12
posicion: 1,11
posicion: 1,10
posicion: 1,9
posicion: 1,8
posicion: 1,7
posicion: 1,6
posicion: 1,5
posicion: 1,4
posicion: 1,3
posicion: 1,2
posicion: 1,1
posicion: 1,0
posicion: 0,14
posicion: 0,13
posicion: 0,12
posicion: 0,11
posicion: 0,10
posicion: 0,9
posicion: 0,8
posicion: 0,7
posicion: 0,6
posicion: 0,5
posicion: 0,4
posicion: 0,3
posicion: 0,2
posicion: 0,1
posicion: 0,0
out for
fin turno
2
3
iteracion: 1
1
posicion: 14,14
posicion: 14,13
posicion: 14,12
posicion: 14,11
posicion: 14,10
posicion: 14,9
posicion: 14,8
posicion: 14,7
posicion: 14,6
posicion: 14,5
posicion: 14,4
posicion: 14,3
posicion: 14,2
posicion: 14,1
posicion: 14,0
posicion: 13,14
posicion: 13,13
posicion: 13,12
posicion: 13,11
posicion: 13,10
posicion: 13,9
posicion: 13,8
posicion: 13,7
posicion: 13,6
posicion: 13,5
posicion: 13,4
posicion: 13,3
posicion: 13,2
posicion: 13,1
posicion: 13,0
posicion: 12,14
posicion: 12,13
posicion: 12,12
posicion: 12,11
posicion: 12,10
posicion: 12,9
posicion: 12,8
posicion: 12,7
posicion: 12,6
posicion: 12,5
posicion: 12,4
posicion: 12,3
posicion: 12,2
posicion: 12,1
posicion: 12,0
posicion: 11,14
posicion: 11,13
posicion: 11,12
posicion: 11,11
posicion: 11,10
posicion: 11,9
posicion: 11,8
posicion: 11,7
posicion: 11,6
posicion: 11,5
posicion: 11,4
posicion: 11,3
posicion: 11,2
posicion: 11,1
posicion: 11,0
posicion: 10,14
posicion: 10,13
posicion: 10,12
posicion: 10,11
posicion: 10,10
posicion: 10,9
posicion: 10,8
posicion: 10,7
posicion: 10,6
posicion: 10,5
posicion: 10,4
posicion: 10,3
posicion: 10,2
posicion: 10,1
posicion: 10,0
posicion: 9,14
posicion: 9,13
posicion: 9,12
posicion: 9,11
posicion: 9,10
posicion: 9,9
posicion: 9,8
posicion: 9,7
posicion: 9,6
posicion: 9,5
posicion: 9,4
posicion: 9,3
posicion: 9,2
posicion: 9,1
posicion: 9,0
posicion: 8,14
posicion: 8,13
posicion: 8,12
posicion: 8,11
posicion: 8,10
posicion: 8,9
posicion: 8,8
posicion: 8,7
posicion: 8,6
posicion: 8,5
posicion: 8,4
posicion: 8,3
posicion: 8,2
posicion: 8,1
posicion: 8,0
posicion: 7,14
posicion: 7,13
posicion: 7,12
posicion: 7,11
posicion: 7,10
posicion: 7,9
posicion: 7,8
posicion: 7,7
posicion: 7,6
posicion: 7,5
posicion: 7,4
posicion: 7,3
posicion: 7,2
posicion: 7,1
posicion: 7,0
posicion: 6,14
posicion: 6,13
posicion: 6,12
posicion: 6,11
posicion: 6,10
posicion: 6,9
posicion: 6,8
posicion: 6,7
posicion: 6,6
posicion: 6,5
posicion: 6,4
posicion: 6,3
posicion: 6,2
posicion: 6,1
posicion: 6,0
posicion: 5,14
posicion: 5,13
posicion: 5,12
posicion: 5,11
posicion: 5,10
posicion: 5,9
posicion: 5,8
posicion: 5,7
posicion: 5,6
posicion: 5,5
posicion: 5,4
posicion: 5,3
posicion: 5,2
posicion: 5,1
posicion: 5,0
posicion: 4,14
posicion: 4,13
posicion: 4,12
posicion: 4,11
posicion: 4,10
posicion: 4,9
posicion: 4,8
posicion: 4,7
posicion: 4,6
posicion: 4,5
posicion: 4,4
posicion: 4,3
posicion: 4,2
posicion: 4,1
posicion: 4,0
posicion: 3,14
posicion: 3,13
posicion: 3,12
posicion: 3,11
posicion: 3,10
posicion: 3,9
posicion: 3,8
posicion: 3,7
posicion: 3,6
posicion: 3,5
posicion: 3,4
posicion: 3,3
posicion: 3,2
posicion: 3,1
posicion: 3,0
posicion: 2,14
posicion: 2,13
posicion: 2,12
posicion: 2,11
posicion: 2,10
posicion: 2,9
posicion: 2,8
posicion: 2,7
posicion: 2,6
posicion: 2,5
posicion: 2,4
posicion: 2,3
posicion: 2,2
posicion: 2,1
posicion: 2,0
posicion: 1,14
posicion: 1,13
posicion: 1,12
posicion: 1,11
posicion: 1,10
posicion: 1,9
posicion: 1,8
posicion: 1,7
posicion: 1,6
posicion: 1,5
posicion: 1,4
posicion: 1,3
posicion: 1,2
posicion: 1,1
posicion: 1,0
posicion: 0,14
posicion: 0,13
posicion: 0,12
posicion: 0,11
posicion: 0,10
posicion: 0,9
posicion: 0,8
posicion: 0,7
posicion: 0,6
posicion: 0,5
posicion: 0,4
posicion: 0,3
posicion: 0,2
posicion: 0,1
posicion: 0,0
out for
fin turno
2
3
iteracion: 2
1
posicion: 14,14
posicion: 14,13
posicion: 14,12
posicion: 14,11
posicion: 14,10
posicion: 14,9
posicion: 14,8
posicion: 14,7
posicion: 14,6
posicion: 14,5
posicion: 14,4
posicion: 14,3
posicion: 14,2
posicion: 14,1
posicion: 14,0
posicion: 13,14
posicion: 13,13
posicion: 13,12
posicion: 13,11
posicion: 13,10
posicion: 13,9
posicion: 13,8
posicion: 13,7
posicion: 13,6
posicion: 13,5
posicion: 13,4
posicion: 13,3
posicion: 13,2
posicion: 13,1
posicion: 13,0
posicion: 12,14
posicion: 12,13
posicion: 12,12
posicion: 12,11
posicion: 12,10
posicion: 12,9
posicion: 12,8
posicion: 12,7
posicion: 12,6
posicion: 12,5
posicion: 12,4
posicion: 12,3
posicion: 12,2
posicion: 12,1
posicion: 12,0
posicion: 11,14
posicion: 11,13
posicion: 11,12
posicion: 11,11
posicion: 11,10
posicion: 11,9
posicion: 11,8
posicion: 11,7
posicion: 11,6
posicion: 11,5
posicion: 11,4
posicion: 11,3
posicion: 11,2
posicion: 11,1
posicion: 11,0
posicion: 10,14
posicion: 10,13
posicion: 10,12
posicion: 10,11
posicion: 10,10
posicion: 10,9
posicion: 10,8
posicion: 10,7
posicion: 10,6
posicion: 10,5
posicion: 10,4
posicion: 10,3
posicion: 10,2
posicion: 10,1
posicion: 10,0
posicion: 9,14
posicion: 9,13
posicion: 9,12
posicion: 9,11
posicion: 9,10
posicion: 9,9
posicion: 9,8
posicion: 9,7
posicion: 9,6
posicion: 9,5
posicion: 9,4
posicion: 9,3
posicion: 9,2
posicion: 9,1
posicion: 9,0
posicion: 8,14
posicion: 8,13
posicion: 8,12
posicion: 8,11
posicion: 8,10
posicion: 8,9
posicion: 8,8
posicion: 8,7
posicion: 8,6
posicion: 8,5
posicion: 8,4
posicion: 8,3
posicion: 8,2
posicion: 8,1
posicion: 8,0
posicion: 7,14
posicion: 7,13
posicion: 7,12
posicion: 7,11
posicion: 7,10
posicion: 7,9
posicion: 7,8
posicion: 7,7
posicion: 7,6
posicion: 7,5
posicion: 7,4
posicion: 7,3
posicion: 7,2
posicion: 7,1
posicion: 7,0
posicion: 6,14
posicion: 6,13
posicion: 6,12
posicion: 6,11
posicion: 6,10
posicion: 6,9
posicion: 6,8
posicion: 6,7
posicion: 6,6
posicion: 6,5
posicion: 6,4
posicion: 6,3
posicion: 6,2
posicion: 6,1
posicion: 6,0
posicion: 5,14
posicion: 5,13
posicion: 5,12
posicion: 5,11
posicion: 5,10
posicion: 5,9
posicion: 5,8
posicion: 5,7
posicion: 5,6
posicion: 5,5
posicion: 5,4
posicion: 5,3
posicion: 5,2
posicion: 5,1
posicion: 5,0
posicion: 4,14
posicion: 4,13
posicion: 4,12
posicion: 4,11
posicion: 4,10
posicion: 4,9
posicion: 4,8
posicion: 4,7
posicion: 4,6
posicion: 4,5
posicion: 4,4
posicion: 4,3
posicion: 4,2
posicion: 4,1
posicion: 4,0
posicion: 3,14
posicion: 3,13
posicion: 3,12
posicion: 3,11
posicion: 3,10
posicion: 3,9
posicion: 3,8
posicion: 3,7
posicion: 3,6
posicion: 3,5
posicion: 3,4
posicion: 3,3
posicion: 3,2
posicion: 3,1
posicion: 3,0
posicion: 2,14
posicion: 2,13
posicion: 2,12
posicion: 2,11
posicion: 2,10
posicion: 2,9
posicion: 2,8
posicion: 2,7
posicion: 2,6
posicion: 2,5
posicion: 2,4
posicion: 2,3
posicion: 2,2
posicion: 2,1
posicion: 2,0
posicion: 1,14
posicion: 1,13
posicion: 1,12
posicion: 1,11
posicion: 1,10
posicion: 1,9
posicion: 1,8
posicion: 1,7
posicion: 1,6
posicion: 1,5
posicion: 1,4
posicion: 1,3
posicion: 1,2
posicion: 1,1
posicion: 1,0
posicion: 0,14
posicion: 0,13
posicion: 0,12
posicion: 0,11
posicion: 0,10
posicion: 0,9
posicion: 0,8
posicion: 0,7
posicion: 0,6
posicion: 0,5
posicion: 0,4
posicion: 0,3
posicion: 0,2
posicion: 0,1
posicion: 0,0
out for
fin turno
2
3
iteracion: 3
1
posicion: 14,14
posicion: 14,13
posicion: 14,12
posicion: 14,11
posicion: 14,10
posicion: 14,9
posicion: 14,8
posicion: 14,7
posicion: 14,6
posicion: 14,5
posicion: 14,4
posicion: 14,3
posicion: 14,2
posicion: 14,1
posicion: 14,0
posicion: 13,14
posicion: 13,13
posicion: 13,12
posicion: 13,11
posicion: 13,10
posicion: 13,9
posicion: 13,8
posicion: 13,7
posicion: 13,6
posicion: 13,5
posicion: 13,4
posicion: 13,3
posicion: 13,2
posicion: 13,1
posicion: 13,0
posicion: 12,14
posicion: 12,13
posicion: 12,12
posicion: 12,11
posicion: 12,10
posicion: 12,9
posicion: 12,8
posicion: 12,7
posicion: 12,6
posicion: 12,5
posicion: 12,4
posicion: 12,3
posicion: 12,2
posicion: 12,1
posicion: 12,0
posicion: 11,14
posicion: 11,13
posicion: 11,12
posicion: 11,11
posicion: 11,10
posicion: 11,9
posicion: 11,8
posicion: 11,7
posicion: 11,6
posicion: 11,5
posicion: 11,4
posicion: 11,3
posicion: 11,2
posicion: 11,1
posicion: 11,0
posicion: 10,14
posicion: 10,13
posicion: 10,12
posicion: 10,11
posicion: 10,10
posicion: 10,9
posicion: 10,8
posicion: 10,7
posicion: 10,6
posicion: 10,5
posicion: 10,4
posicion: 10,3
posicion: 10,2
posicion: 10,1
posicion: 10,0
posicion: 9,14
posicion: 9,13
posicion: 9,12
posicion: 9,11
posicion: 9,10
posicion: 9,9
posicion: 9,8
posicion: 9,7
posicion: 9,6
posicion: 9,5
posicion: 9,4
posicion: 9,3
posicion: 9,2
posicion: 9,1
posicion: 9,0
posicion: 8,14
posicion: 8,13
posicion: 8,12
posicion: 8,11
posicion: 8,10
posicion: 8,9
posicion: 8,8
posicion: 8,7
posicion: 8,6
posicion: 8,5
posicion: 8,4
posicion: 8,3
posicion: 8,2
posicion: 8,1
posicion: 8,0
posicion: 7,14
posicion: 7,13
posicion: 7,12
posicion: 7,11
posicion: 7,10
posicion: 7,9
posicion: 7,8
posicion: 7,7
posicion: 7,6
posicion: 7,5
posicion: 7,4
posicion: 7,3
posicion: 7,2
posicion: 7,1
posicion: 7,0
posicion: 6,14
posicion: 6,13
posicion: 6,12
posicion: 6,11
posicion: 6,10
posicion: 6,9
posicion: 6,8
posicion: 6,7
posicion: 6,6
posicion: 6,5
posicion: 6,4
posicion: 6,3
posicion: 6,2
posicion: 6,1
posicion: 6,0
posicion: 5,14
posicion: 5,13
posicion: 5,12
posicion: 5,11
posicion: 5,10
posicion: 5,9
posicion: 5,8
posicion: 5,7
posicion: 5,6
posicion: 5,5
posicion: 5,4
posicion: 5,3
posicion: 5,2
posicion: 5,1
posicion: 5,0
posicion: 4,14
posicion: 4,13
posicion: 4,12
posicion: 4,11
posicion: 4,10
posicion: 4,9
posicion: 4,8
posicion: 4,7
posicion: 4,6
posicion: 4,5
posicion: 4,4
posicion: 4,3
posicion: 4,2
posicion: 4,1
posicion: 4,0
posicion: 3,14
posicion: 3,13
posicion: 3,12
posicion: 3,11
posicion: 3,10
posicion: 3,9
posicion: 3,8
posicion: 3,7
posicion: 3,6
posicion: 3,5
posicion: 3,4
posicion: 3,3
posicion: 3,2
posicion: 3,1
posicion: 3,0
posicion: 2,14
posicion: 2,13
posicion: 2,12
posicion: 2,11
posicion: 2,10
posicion: 2,9
posicion: 2,8
posicion: 2,7
posicion: 2,6
posicion: 2,5
posicion: 2,4
posicion: 2,3
posicion: 2,2
posicion: 2,1
posicion: 2,0
posicion: 1,14
posicion: 1,13
posicion: 1,12
posicion: 1,11
posicion: 1,10
posicion: 1,9
posicion: 1,8
posicion: 1,7
posicion: 1,6
posicion: 1,5
posicion: 1,4
posicion: 1,3
posicion: 1,2
posicion: 1,1
posicion: 1,0
posicion: 0,14
posicion: 0,13
posicion: 0,12
posicion: 0,11
posicion: 0,10
posicion: 0,9
posicion: 0,8
posicion: 0,7
posicion: 0,6
posicion: 0,5
posicion: 0,4
posicion: 0,3
posicion: 0,2
posicion: 0,1
posicion: 0,0
out for
fin turno
2
3
iteracion: 4
1
posicion: 14,14
posicion: 14,13
posicion: 14,12
posicion: 14,11
posicion: 14,10
posicion: 14,9
posicion: 14,8
posicion: 14,7
posicion: 14,6
posicion: 14,5
posicion: 14,4
posicion: 14,3
posicion: 14,2
posicion: 14,1
posicion: 14,0
posicion: 13,14
posicion: 13,13
posicion: 13,12
posicion: 13,11
posicion: 13,10
posicion: 13,9
posicion: 13,8
posicion: 13,7
posicion: 13,6
posicion: 13,5
posicion: 13,4
posicion: 13,3
posicion: 13,2
posicion: 13,1
posicion: 13,0
posicion: 12,14
posicion: 12,13
posicion: 12,12
posicion: 12,11
posicion: 12,10
posicion: 12,9
posicion: 12,8
posicion: 12,7
posicion: 12,6
posicion: 12,5
posicion: 12,4
posicion: 12,3
posicion: 12,2
posicion: 12,1
posicion: 12,0
posicion: 11,14
posicion: 11,13
posicion: 11,12
posicion: 11,11
posicion: 11,10
posicion: 11,9
posicion: 11,8
posicion: 11,7
posicion: 11,6
posicion: 11,5
posicion: 11,4
posicion: 11,3
posicion: 11,2
posicion: 11,1
posicion: 11,0
posicion: 10,14
posicion: 10,13
posicion: 10,12
posicion: 10,11
posicion: 10,10
posicion: 10,9
posicion: 10,8
posicion: 10,7
posicion: 10,6
posicion: 10,5
posicion: 10,4
posicion: 10,3
posicion: 10,2
posicion: 10,1
posicion: 10,0
posicion: 9,14
posicion: 9,13
posicion: 9,12
posicion: 9,11
posicion: 9,10
posicion: 9,9
posicion: 9,8
posicion: 9,7
posicion: 9,6
posicion: 9,5
posicion: 9,4
posicion: 9,3
posicion: 9,2
posicion: 9,1
posicion: 9,0
posicion: 8,14
posicion: 8,13
posicion: 8,12
posicion: 8,11
posicion: 8,10
posicion: 8,9
posicion: 8,8
posicion: 8,7
posicion: 8,6
posicion: 8,5
posicion: 8,4
posicion: 8,3
posicion: 8,2
posicion: 8,1
posicion: 8,0
posicion: 7,14
posicion: 7,13
posicion: 7,12
posicion: 7,11
posicion: 7,10
posicion: 7,9
posicion: 7,8
posicion: 7,7
posicion: 7,6
posicion: 7,5
posicion: 7,4
posicion: 7,3
posicion: 7,2
posicion: 7,1
posicion: 7,0
posicion: 6,14
posicion: 6,13
posicion: 6,12
posicion: 6,11
posicion: 6,10
posicion: 6,9
posicion: 6,8
posicion: 6,7
posicion: 6,6
posicion: 6,5
posicion: 6,4
posicion: 6,3
posicion: 6,2
posicion: 6,1
posicion: 6,0
posicion: 5,14
posicion: 5,13
posicion: 5,12
posicion: 5,11
posicion: 5,10
posicion: 5,9
posicion: 5,8
posicion: 5,7
posicion: 5,6
posicion: 5,5
posicion: 5,4
posicion: 5,3
posicion: 5,2
posicion: 5,1
posicion: 5,0
posicion: 4,14
posicion: 4,13
posicion: 4,12
posicion: 4,11
posicion: 4,10
posicion: 4,9
posicion: 4,8
posicion: 4,7
posicion: 4,6
posicion: 4,5
posicion: 4,4
posicion: 4,3
posicion: 4,2
posicion: 4,1
posicion: 4,0
posicion: 3,14
posicion: 3,13
posicion: 3,12
posicion: 3,11
posicion: 3,10
posicion: 3,9
posicion: 3,8
posicion: 3,7
posicion: 3,6
posicion: 3,5
posicion: 3,4
posicion: 3,3
posicion: 3,2
posicion: 3,1
posicion: 3,0
posicion: 2,14
posicion: 2,13
posicion: 2,12
posicion: 2,11
posicion: 2,10
posicion: 2,9
posicion: 2,8
posicion: 2,7
posicion: 2,6
posicion: 2,5
posicion: 2,4
posicion: 2,3
posicion: 2,2
posicion: 2,1
posicion: 2,0
posicion: 1,14
posicion: 1,13
posicion: 1,12
posicion: 1,11
posicion: 1,10
posicion: 1,9
posicion: 1,8
posicion: 1,7
posicion: 1,6
posicion: 1,5
posicion: 1,4
posicion: 1,3
posicion: 1,2
posicion: 1,1
posicion: 1,0
posicion: 0,14
posicion: 0,13
posicion: 0,12
posicion: 0,11
posicion: 0,10
posicion: 0,9
posicion: 0,8
posicion: 0,7
posicion: 0,6
posicion: 0,5
posicion: 0,4
posicion: 0,3
posicion: 0,2
posicion: 0,1
]]></system-out>
  </testcase>
  <testcase name="test17ElMapaParseadoDelJSONDelMapaEsElEsperado" classname="edu.fiuba.algo3.entrega_2.Entrega2Test" time="0"/>
  <testcase name="test15ElFormatoDelJSONDelMapaEsValido" classname="edu.fiuba.algo3.entrega_2.Entrega2Test" time="0"/>
  <testcase name="test14ElFormatoDelJSONDeEnemigosEsValido" classname="edu.fiuba.algo3.entrega_2.Entrega2Test" time="0"/>
</testsuite>