<?xml version="1.0" encoding="UTF-8"?>
<testsuite xmlns:xsi="http://www.w3.org/2001/XMLSchema-instance" xsi:noNamespaceSchemaLocation="https://maven.apache.org/surefire/maven-surefire-plugin/xsd/surefire-test-report-3.0.xsd" version="3.0" name="edu.fiuba.algo3.pruebas_unitarias.RangoTest" time="0.043" tests="2" errors="0" skipped="0" failures="0">
  <properties>
[...]
</properties>
  <testcase name="test01RangoSeInicializaConElRangoEsperado" classname="edu.fiuba.algo3.pruebas_unitarias.RangoTest" time="0"/>
  <testcase name="test02RangoEncuentraAlEnemigoCorrecto" classname="edu.fiuba.algo3.pruebas_unitarias.RangoTest" time="0.042"/>
</testsuite>